d:\quy\hoc lap trinh\code\2017_10_25_ailatrieuphu\2017_10_25_ailatrieuphu\ailatrieuphu\ailatrieuphu\debug\ailatrieuphu.pch
d:\quy\hoc lap trinh\code\2017_10_25_ailatrieuphu\2017_10_25_ailatrieuphu\ailatrieuphu\ailatrieuphu\debug\vc120.pdb
d:\quy\hoc lap trinh\code\2017_10_25_ailatrieuphu\2017_10_25_ailatrieuphu\ailatrieuphu\ailatrieuphu\debug\vc120.idb
d:\quy\hoc lap trinh\code\2017_10_25_ailatrieuphu\2017_10_25_ailatrieuphu\ailatrieuphu\ailatrieuphu\debug\stdafx.obj
d:\quy\hoc lap trinh\code\2017_10_25_ailatrieuphu\2017_10_25_ailatrieuphu\ailatrieuphu\ailatrieuphu\debug\ailatrieuphu.obj
d:\quy\hoc lap trinh\code\2017_10_25_ailatrieuphu\2017_10_25_ailatrieuphu\ailatrieuphu\ailatrieuphu\debug\cauhoi.obj
d:\study\hoc lap trinh\code\2017_10_25_ailatrieuphu\2017_10_25_ailatrieuphu\ailatrieuphu\ailatrieuphu\debug\ailatrieuphu.pch
d:\study\hoc lap trinh\code\2017_10_25_ailatrieuphu\2017_10_25_ailatrieuphu\ailatrieuphu\ailatrieuphu\debug\vc141.pdb
d:\study\hoc lap trinh\code\2017_10_25_ailatrieuphu\2017_10_25_ailatrieuphu\ailatrieuphu\ailatrieuphu\debug\vc141.idb
d:\study\hoc lap trinh\code\2017_10_25_ailatrieuphu\2017_10_25_ailatrieuphu\ailatrieuphu\ailatrieuphu\debug\stdafx.obj
d:\study\hoc lap trinh\code\2017_10_25_ailatrieuphu\2017_10_25_ailatrieuphu\ailatrieuphu\ailatrieuphu\debug\cauhoi.obj
d:\study\hoc lap trinh\code\2017_10_25_ailatrieuphu\2017_10_25_ailatrieuphu\ailatrieuphu\ailatrieuphu\debug\ailatrieuphu.obj
d:\quy\hoc lap trinh\code\2017_10_25_ailatrieuphu\2017_10_25_ailatrieuphu\ailatrieuphu\debug\ailatrieuphu.ilk
d:\quy\hoc lap trinh\code\2017_10_25_ailatrieuphu\2017_10_25_ailatrieuphu\ailatrieuphu\debug\ailatrieuphu.exe
d:\quy\hoc lap trinh\code\2017_10_25_ailatrieuphu\2017_10_25_ailatrieuphu\ailatrieuphu\debug\ailatrieuphu.pdb
d:\study\hoc lap trinh\code\2017_10_25_ailatrieuphu\2017_10_25_ailatrieuphu\ailatrieuphu\debug\ailatrieuphu.ilk
d:\study\hoc lap trinh\code\2017_10_25_ailatrieuphu\2017_10_25_ailatrieuphu\ailatrieuphu\debug\ailatrieuphu.exe
d:\study\hoc lap trinh\code\2017_10_25_ailatrieuphu\2017_10_25_ailatrieuphu\ailatrieuphu\debug\ailatrieuphu.pdb
d:\study\hoc lap trinh\code\2017_10_25_ailatrieuphu\2017_10_25_ailatrieuphu\ailatrieuphu\ailatrieuphu\debug\vc120.idb
d:\study\hoc lap trinh\code\2017_10_25_ailatrieuphu\2017_10_25_ailatrieuphu\ailatrieuphu\ailatrieuphu\debug\vc120.pdb
d:\study\hoc lap trinh\code\2017_10_25_ailatrieuphu\2017_10_25_ailatrieuphu\ailatrieuphu\ailatrieuphu\debug\ailatrieuphu.tlog\cl.command.1.tlog
d:\study\hoc lap trinh\code\2017_10_25_ailatrieuphu\2017_10_25_ailatrieuphu\ailatrieuphu\ailatrieuphu\debug\ailatrieuphu.tlog\cl.read.1.tlog
d:\study\hoc lap trinh\code\2017_10_25_ailatrieuphu\2017_10_25_ailatrieuphu\ailatrieuphu\ailatrieuphu\debug\ailatrieuphu.tlog\cl.write.1.tlog
d:\study\hoc lap trinh\code\2017_10_25_ailatrieuphu\2017_10_25_ailatrieuphu\ailatrieuphu\ailatrieuphu\debug\ailatrieuphu.tlog\link.command.1.tlog
d:\study\hoc lap trinh\code\2017_10_25_ailatrieuphu\2017_10_25_ailatrieuphu\ailatrieuphu\ailatrieuphu\debug\ailatrieuphu.tlog\link.delete.1.tlog
d:\study\hoc lap trinh\code\2017_10_25_ailatrieuphu\2017_10_25_ailatrieuphu\ailatrieuphu\ailatrieuphu\debug\ailatrieuphu.tlog\link.read.1.tlog
d:\study\hoc lap trinh\code\2017_10_25_ailatrieuphu\2017_10_25_ailatrieuphu\ailatrieuphu\ailatrieuphu\debug\ailatrieuphu.tlog\link.write.1.tlog
